# JRE version: OpenJDK Runtime Environment Temurin-21.0.9+10 (21.0.9+10) (build 21.0.9+10-LTS)
# Java VM: OpenJDK 64-Bit Server VM Temurin-21.0.9+10 (21.0.9+10-LTS, mixed mode, sharing, tiered, compressed oops, compressed class ptrs, parallel gc, windows-amd64)
GC Precious Log:
 CardTable entry size: 512
 CPUs: 4 total, 4 available
 Memory: 3976M
 Large Page Support: Disabled
 NUMA Support: Disabled
 Compressed Oops: Enabled (32-bit)
 Alignments: Space 512K, Generation 512K, Heap 2M
 Heap Min Capacity: 100M
 Heap Initial Capacity: 100M
 Heap Max Capacity: 2G
 Pre-touch: Disabled
 Parallel Workers: 4
Heap:
 PSYoungGen      total 3072K, used 2944K [0x00000000d5580000, 0x00000000d5a00000, 0x0000000100000000)
  eden space 1536K, 100% used [0x00000000d5580000,0x00000000d5700000,0x00000000d5700000)
  from space 1536K, 91% used [0x00000000d5700000,0x00000000d5860000,0x00000000d5880000)
  to   space 1536K, 70% used [0x00000000d5880000,0x00000000d5990000,0x00000000d5a00000)
 ParOldGen       total 418816K, used 418668K [0x0000000080000000, 0x0000000099900000, 0x00000000d5580000)
  object space 418816K, 99% used [0x0000000080000000,0x00000000998db190,0x0000000099900000)
 Metaspace       used 57934K, committed 59264K, reserved 1114112K
  class space    used 6285K, committed 6848K, reserved 1048576K
GC Heap History (20 events):
Event: 90.296 GC heap before
{Heap before GC invocations=286 (full 2):
 PSYoungGen      total 2048K, used 2031K [0x00000000d5580000, 0x00000000d5a80000, 0x0000000100000000)
  eden space 1024K, 100% used [0x00000000d5580000,0x00000000d5680000,0x00000000d5680000)
  from space 1024K, 98% used [0x00000000d5700000,0x00000000d57fbf28,0x00000000d5800000)
  to   space 2048K, 0% used [0x00000000d5880000,0x00000000d5880000,0x00000000d5a80000)
 ParOldGen       total 409600K, used 409599K [0x0000000080000000, 0x0000000099000000, 0x00000000d5580000)
  object space 409600K, 99% used [0x0000000080000000,0x0000000098fffef0,0x0000000099000000)
 Metaspace       used 57810K, committed 59008K, reserved 1114112K
  class space    used 6267K, committed 6784K, reserved 1048576K
}
Event: 90.302 GC heap after
{Heap after GC invocations=286 (full 2):
 PSYoungGen      total 2560K, used 1056K [0x00000000d5580000, 0x00000000d5a00000, 0x0000000100000000)
  eden space 1024K, 0% used [0x00000000d5580000,0x00000000d5580000,0x00000000d5680000)
  from space 1536K, 68% used [0x00000000d5880000,0x00000000d5988000,0x00000000d5a00000)
  to   space 1536K, 0% used [0x00000000d5700000,0x00000000d5700000,0x00000000d5880000)
 ParOldGen       total 410624K, used 410599K [0x0000000080000000, 0x0000000099100000, 0x00000000d5580000)
  object space 410624K, 99% used [0x0000000080000000,0x00000000990f9e18,0x0000000099100000)
 Metaspace       used 57810K, committed 59008K, reserved 1114112K
  class space    used 6267K, committed 6784K, reserved 1048576K
}
Event: 90.400 GC heap before
{Heap before GC invocations=287 (full 2):
 PSYoungGen      total 2560K, used 2080K [0x00000000d5580000, 0x00000000d5a00000, 0x0000000100000000)
  eden space 1024K, 100% used [0x00000000d5580000,0x00000000d5680000,0x00000000d5680000)
  from space 1536K, 68% used [0x00000000d5880000,0x00000000d5988000,0x00000000d5a00000)
  to   space 1536K, 0% used [0x00000000d5700000,0x00000000d5700000,0x00000000d5880000)
 ParOldGen       total 410624K, used 410599K [0x0000000080000000, 0x0000000099100000, 0x00000000d5580000)
  object space 410624K, 99% used [0x0000000080000000,0x00000000990f9e18,0x0000000099100000)
 Metaspace       used 57810K, committed 59008K, reserved 1114112K
  class space    used 6267K, committed 6784K, reserved 1048576K
}
Event: 90.403 GC heap after
{Heap after GC invocations=287 (full 2):
 PSYoungGen      total 2560K, used 1056K [0x00000000d5580000, 0x00000000d5980000, 0x0000000100000000)
  eden space 1024K, 0% used [0x00000000d5580000,0x00000000d5580000,0x00000000d5680000)
  from space 1536K, 68% used [0x00000000d5700000,0x00000000d5808000,0x00000000d5880000)
  to   space 1024K, 0% used [0x00000000d5880000,0x00000000d5880000,0x00000000d5980000)
 ParOldGen       total 411648K, used 411623K [0x0000000080000000, 0x0000000099200000, 0x00000000d5580000)
  object space 411648K, 99% used [0x0000000080000000,0x00000000991f9e18,0x0000000099200000)
 Metaspace       used 57810K, committed 59008K, reserved 1114112K
  class space    used 6267K, committed 6784K, reserved 1048576K
}
Event: 90.433 GC heap before
{Heap before GC invocations=288 (full 2):
 PSYoungGen      total 2560K, used 2080K [0x00000000d5580000, 0x00000000d5980000, 0x0000000100000000)
  eden space 1024K, 100% used [0x00000000d5580000,0x00000000d5680000,0x00000000d5680000)
  from space 1536K, 68% used [0x00000000d5700000,0x00000000d5808000,0x00000000d5880000)
  to   space 1024K, 0% used [0x00000000d5880000,0x00000000d5880000,0x00000000d5980000)
 ParOldGen       total 411648K, used 411623K [0x0000000080000000, 0x0000000099200000, 0x00000000d5580000)
  object space 411648K, 99% used [0x0000000080000000,0x00000000991f9e18,0x0000000099200000)
 Metaspace       used 57810K, committed 59008K, reserved 1114112K
  class space    used 6267K, committed 6784K, reserved 1048576K
}
Event: 90.439 GC heap after
{Heap after GC invocations=288 (full 2):
 PSYoungGen      total 1536K, used 1010K [0x00000000d5580000, 0x00000000d5b80000, 0x0000000100000000)
  eden space 512K, 0% used [0x00000000d5580000,0x00000000d5580000,0x00000000d5600000)
  from space 1024K, 98% used [0x00000000d5880000,0x00000000d597c908,0x00000000d5980000)
  to   space 2560K, 0% used [0x00000000d5600000,0x00000000d5600000,0x00000000d5880000)
 ParOldGen       total 413184K, used 412679K [0x0000000080000000, 0x0000000099380000, 0x00000000d5580000)
  object space 413184K, 99% used [0x0000000080000000,0x0000000099301e18,0x0000000099380000)
 Metaspace       used 57810K, committed 59008K, reserved 1114112K
  class space    used 6267K, committed 6784K, reserved 1048576K
}
Event: 90.443 GC heap before
{Heap before GC invocations=289 (full 2):
 PSYoungGen      total 1536K, used 1522K [0x00000000d5580000, 0x00000000d5b80000, 0x0000000100000000)
  eden space 512K, 99% used [0x00000000d5580000,0x00000000d55ffff8,0x00000000d5600000)
  from space 1024K, 98% used [0x00000000d5880000,0x00000000d597c908,0x00000000d5980000)
  to   space 2560K, 0% used [0x00000000d5600000,0x00000000d5600000,0x00000000d5880000)
 ParOldGen       total 413184K, used 412679K [0x0000000080000000, 0x0000000099380000, 0x00000000d5580000)
  object space 413184K, 99% used [0x0000000080000000,0x0000000099301e18,0x0000000099380000)
 Metaspace       used 57810K, committed 59008K, reserved 1114112K
  class space    used 6267K, committed 6784K, reserved 1048576K
}
Event: 90.447 GC heap after
{Heap after GC invocations=289 (full 2):
 PSYoungGen      total 1536K, used 544K [0x00000000d5580000, 0x00000000d5980000, 0x0000000100000000)
  eden space 512K, 0% used [0x00000000d5580000,0x00000000d5580000,0x00000000d5600000)
  from space 1024K, 53% used [0x00000000d5600000,0x00000000d5688000,0x00000000d5700000)
  to   space 1536K, 0% used [0x00000000d5800000,0x00000000d5800000,0x00000000d5980000)
 ParOldGen       total 413696K, used 413669K [0x0000000080000000, 0x0000000099400000, 0x00000000d5580000)
  object space 413696K, 99% used [0x0000000080000000,0x00000000993f9590,0x0000000099400000)
 Metaspace       used 57810K, committed 59008K, reserved 1114112K
  class space    used 6267K, committed 6784K, reserved 1048576K
}
Event: 90.450 GC heap before
{Heap before GC invocations=290 (full 2):
 PSYoungGen      total 1536K, used 1018K [0x00000000d5580000, 0x00000000d5980000, 0x0000000100000000)
  eden space 512K, 92% used [0x00000000d5580000,0x00000000d55f6998,0x00000000d5600000)
  from space 1024K, 53% used [0x00000000d5600000,0x00000000d5688000,0x00000000d5700000)
  to   space 1536K, 0% used [0x00000000d5800000,0x00000000d5800000,0x00000000d5980000)
 ParOldGen       total 413696K, used 413669K [0x0000000080000000, 0x0000000099400000, 0x00000000d5580000)
  object space 413696K, 99% used [0x0000000080000000,0x00000000993f9590,0x0000000099400000)
 Metaspace       used 57810K, committed 59008K, reserved 1114112K
  class space    used 6267K, committed 6784K, reserved 1048576K
}
Event: 90.455 GC heap after
{Heap after GC invocations=290 (full 2):
 PSYoungGen      total 1536K, used 512K [0x00000000d5580000, 0x00000000d5880000, 0x0000000100000000)
  eden space 1024K, 0% used [0x00000000d5580000,0x00000000d5580000,0x00000000d5680000)
  from space 512K, 100% used [0x00000000d5800000,0x00000000d5880000,0x00000000d5880000)
  to   space 1024K, 0% used [0x00000000d5680000,0x00000000d5680000,0x00000000d5780000)
 ParOldGen       total 414208K, used 414165K [0x0000000080000000, 0x0000000099480000, 0x00000000d5580000)
  object space 414208K, 99% used [0x0000000080000000,0x0000000099475590,0x0000000099480000)
 Metaspace       used 57810K, committed 59008K, reserved 1114112K
  class space    used 6267K, committed 6784K, reserved 1048576K
}
Event: 90.532 GC heap before
{Heap before GC invocations=291 (full 2):
 PSYoungGen      total 1536K, used 1536K [0x00000000d5580000, 0x00000000d5880000, 0x0000000100000000)
  eden space 1024K, 100% used [0x00000000d5580000,0x00000000d5680000,0x00000000d5680000)
  from space 512K, 100% used [0x00000000d5800000,0x00000000d5880000,0x00000000d5880000)
  to   space 1024K, 0% used [0x00000000d5680000,0x00000000d5680000,0x00000000d5780000)
 ParOldGen       total 414208K, used 414165K [0x0000000080000000, 0x0000000099480000, 0x00000000d5580000)
  object space 414208K, 99% used [0x0000000080000000,0x0000000099475590,0x0000000099480000)
 Metaspace       used 57821K, committed 59008K, reserved 1114112K
  class space    used 6269K, committed 6784K, reserved 1048576K
}
Event: 90.536 GC heap after
{Heap after GC invocations=291 (full 2):
 PSYoungGen      total 2048K, used 857K [0x00000000d5580000, 0x00000000d5900000, 0x0000000100000000)
  eden space 1024K, 0% used [0x00000000d5580000,0x00000000d5580000,0x00000000d5680000)
  from space 1024K, 83% used [0x00000000d5680000,0x00000000d5756598,0x00000000d5780000)
  to   space 1024K, 0% used [0x00000000d5800000,0x00000000d5800000,0x00000000d5900000)
 ParOldGen       total 414720K, used 414629K [0x0000000080000000, 0x0000000099500000, 0x00000000d5580000)
  object space 414720K, 99% used [0x0000000080000000,0x00000000994e9590,0x0000000099500000)
 Metaspace       used 57821K, committed 59008K, reserved 1114112K
  class space    used 6269K, committed 6784K, reserved 1048576K
}
Event: 90.574 GC heap before
{Heap before GC invocations=292 (full 2):
 PSYoungGen      total 2048K, used 1705K [0x00000000d5580000, 0x00000000d5900000, 0x0000000100000000)
  eden space 1024K, 82% used [0x00000000d5580000,0x00000000d5653f58,0x00000000d5680000)
  from space 1024K, 83% used [0x00000000d5680000,0x00000000d5756598,0x00000000d5780000)
  to   space 1024K, 0% used [0x00000000d5800000,0x00000000d5800000,0x00000000d5900000)
 ParOldGen       total 414720K, used 414629K [0x0000000080000000, 0x0000000099500000, 0x00000000d5580000)
  object space 414720K, 99% used [0x0000000080000000,0x00000000994e9590,0x0000000099500000)
 Metaspace       used 57822K, committed 59008K, reserved 1114112K
  class space    used 6269K, committed 6784K, reserved 1048576K
}
Event: 90.576 GC heap after
{Heap after GC invocations=292 (full 2):
 PSYoungGen      total 2560K, used 392K [0x00000000d5580000, 0x00000000d5900000, 0x0000000100000000)
  eden space 1536K, 0% used [0x00000000d5580000,0x00000000d5580000,0x00000000d5700000)
  from space 1024K, 38% used [0x00000000d5800000,0x00000000d5862010,0x00000000d5900000)
  to   space 1024K, 0% used [0x00000000d5700000,0x00000000d5700000,0x00000000d5800000)
 ParOldGen       total 415744K, used 415486K [0x0000000080000000, 0x0000000099600000, 0x00000000d5580000)
  object space 415744K, 99% used [0x0000000080000000,0x00000000995bfb28,0x0000000099600000)
 Metaspace       used 57822K, committed 59008K, reserved 1114112K
  class space    used 6269K, committed 6784K, reserved 1048576K
}
Event: 90.965 GC heap before
{Heap before GC invocations=293 (full 2):
 PSYoungGen      total 2560K, used 1903K [0x00000000d5580000, 0x00000000d5900000, 0x0000000100000000)
  eden space 1536K, 98% used [0x00000000d5580000,0x00000000d56f9f20,0x00000000d5700000)
  from space 1024K, 38% used [0x00000000d5800000,0x00000000d5862010,0x00000000d5900000)
  to   space 1024K, 0% used [0x00000000d5700000,0x00000000d5700000,0x00000000d5800000)
 ParOldGen       total 415744K, used 415486K [0x0000000080000000, 0x0000000099600000, 0x00000000d5580000)
  object space 415744K, 99% used [0x0000000080000000,0x00000000995bfb28,0x0000000099600000)
 Metaspace       used 57845K, committed 59008K, reserved 1114112K
  class space    used 6275K, committed 6784K, reserved 1048576K
}
Event: 90.969 GC heap after
{Heap after GC invocations=293 (full 2):
 PSYoungGen      total 2560K, used 992K [0x00000000d5580000, 0x00000000d5a00000, 0x0000000100000000)
  eden space 1536K, 0% used [0x00000000d5580000,0x00000000d5580000,0x00000000d5700000)
  from space 1024K, 96% used [0x00000000d5700000,0x00000000d57f8018,0x00000000d5800000)
  to   space 1536K, 0% used [0x00000000d5880000,0x00000000d5880000,0x00000000d5a00000)
 ParOldGen       total 415744K, used 415653K [0x0000000080000000, 0x0000000099600000, 0x00000000d5580000)
  object space 415744K, 99% used [0x0000000080000000,0x00000000995e9650,0x0000000099600000)
 Metaspace       used 57845K, committed 59008K, reserved 1114112K
  class space    used 6275K, committed 6784K, reserved 1048576K
}
Event: 91.564 GC heap before
{Heap before GC invocations=294 (full 2):
 PSYoungGen      total 2560K, used 2527K [0x00000000d5580000, 0x00000000d5a00000, 0x0000000100000000)
  eden space 1536K, 99% used [0x00000000d5580000,0x00000000d56ffcf0,0x00000000d5700000)
  from space 1024K, 96% used [0x00000000d5700000,0x00000000d57f8018,0x00000000d5800000)
  to   space 1536K, 0% used [0x00000000d5880000,0x00000000d5880000,0x00000000d5a00000)
 ParOldGen       total 415744K, used 415653K [0x0000000080000000, 0x0000000099600000, 0x00000000d5580000)
  object space 415744K, 99% used [0x0000000080000000,0x00000000995e9650,0x0000000099600000)
 Metaspace       used 57857K, committed 59008K, reserved 1114112K
  class space    used 6278K, committed 6784K, reserved 1048576K
}
Event: 91.571 GC heap after
{Heap after GC invocations=294 (full 2):
 PSYoungGen      total 3072K, used 1254K [0x00000000d5580000, 0x00000000d5a00000, 0x0000000100000000)
  eden space 1536K, 0% used [0x00000000d5580000,0x00000000d5580000,0x00000000d5700000)
  from space 1536K, 81% used [0x00000000d5880000,0x00000000d59b9b28,0x00000000d5a00000)
  to   space 1536K, 0% used [0x00000000d5700000,0x00000000d5700000,0x00000000d5880000)
 ParOldGen       total 416768K, used 416557K [0x0000000080000000, 0x0000000099700000, 0x00000000d5580000)
  object space 416768K, 99% used [0x0000000080000000,0x00000000996cb668,0x0000000099700000)
 Metaspace       used 57857K, committed 59008K, reserved 1114112K
  class space    used 6278K, committed 6784K, reserved 1048576K
}
Event: 91.697 GC heap before
{Heap before GC invocations=295 (full 2):
 PSYoungGen      total 3072K, used 2790K [0x00000000d5580000, 0x00000000d5a00000, 0x0000000100000000)
  eden space 1536K, 100% used [0x00000000d5580000,0x00000000d5700000,0x00000000d5700000)
  from space 1536K, 81% used [0x00000000d5880000,0x00000000d59b9b28,0x00000000d5a00000)
  to   space 1536K, 0% used [0x00000000d5700000,0x00000000d5700000,0x00000000d5880000)
 ParOldGen       total 416768K, used 416557K [0x0000000080000000, 0x0000000099700000, 0x00000000d5580000)
  object space 416768K, 99% used [0x0000000080000000,0x00000000996cb668,0x0000000099700000)
 Metaspace       used 57875K, committed 59072K, reserved 1114112K
  class space    used 6279K, committed 6784K, reserved 1048576K
}
Event: 91.701 GC heap after
{Heap after GC invocations=295 (full 2):
 PSYoungGen      total 3072K, used 1408K [0x00000000d5580000, 0x00000000d5a00000, 0x0000000100000000)
  eden space 1536K, 0% used [0x00000000d5580000,0x00000000d5580000,0x00000000d5700000)
  from space 1536K, 91% used [0x00000000d5700000,0x00000000d5860000,0x00000000d5880000)
  to   space 1536K, 0% used [0x00000000d5880000,0x00000000d5880000,0x00000000d5a00000)
 ParOldGen       total 417792K, used 417724K [0x0000000080000000, 0x0000000099800000, 0x00000000d5580000)
  object space 417792K, 99% used [0x0000000080000000,0x00000000997ef190,0x0000000099800000)
 Metaspace       used 57875K, committed 59072K, reserved 1114112K
  class space    used 6279K, committed 6784K, reserved 1048576K
}

